[2017-03-15 17:20:40.182] [INFO] resLogger - 
*************** response log start ***************
request method: GET
request originalUrl:  /favicon.ico
request client ip:  ::1
request query:  {}
response time: 0
response status: 404
response body: 
undefined
*************** response log end ***************

[2017-03-15 17:25:41.127] [INFO] resLogger - 
*************** response log start ***************
request method: GET
request originalUrl:  /
request client ip:  ::1
request query:  {}
response time: 310
response status: 200
response body: 
"<!DOCTYPE html><html lang=\"zh\"><head></head><body><p>Hello lmj !</p><p>Wellcome to Koa2</p></body></html>"
*************** response log end ***************

[2017-03-15 17:28:43.718] [INFO] resLogger - 
*************** response log start ***************
request method: GET
request originalUrl:  /
request client ip:  ::1
request query:  {}
response time: 362
response status: 200
response body: 
"<!DOCTYPE html><html lang=\"zh\"><head></head><body><p>Hello lmj !</p><p>Wellcome to Koa2</p></body></html>"
*************** response log end ***************

[2017-03-15 17:31:12.131] [INFO] resLogger - 
*************** response log start ***************
request method: GET
request originalUrl:  /
request client ip:  ::1
request query:  {}
response time: 399
response status: 200
response body: 
"<!DOCTYPE html><html lang=\"zh\"><head></head><body><p>Hello lmj !</p><p>Wellcome to Koa2</p></body></html>"
*************** response log end ***************

