[2017-03-15 17:20:40.028] [ERROR] errorLogger - 
*************** error log start ***************
request method: GET
request originalUrl:  /
request client ip:  ::1
request query:  {}
response time: 3
err name: Error
err message: ENOENT: no such file or directory, stat '/Users/User/mj/nodeKoa2/views_v2/index.jade'
err stack: Error: ENOENT: no such file or directory, stat '/Users/User/mj/nodeKoa2/views_v2/index.jade'
*************** error log end ***************

[2017-03-15 17:21:48.893] [ERROR] errorLogger - 
*************** error log start ***************
request method: GET
request originalUrl:  /
request client ip:  ::1
request query:  {}
response time: 3
err name: Error
err message: ENOENT: no such file or directory, stat '/Users/User/mj/nodeKoa2/views_v2/index.jade'
err stack: Error: ENOENT: no such file or directory, stat '/Users/User/mj/nodeKoa2/views_v2/index.jade'
*************** error log end ***************

[2017-03-15 17:25:18.501] [ERROR] errorLogger - 
*************** error log start ***************
request method: GET
request originalUrl:  /
request client ip:  ::1
request query:  {}
response time: 8
err name: Error
err message: ENOENT: no such file or directory, stat '/Users/User/mj/nodeKoa2/views_v2/index.jade'
err stack: Error: ENOENT: no such file or directory, stat '/Users/User/mj/nodeKoa2/views_v2/index.jade'
*************** error log end ***************

